/* 自定义编码; 字库版本:V124A */

/* 字 0xa1a1*/
/* 库 0xa1a2*/
/* 版 0xa1a3*/
/* 本 0xa1a4*/
/* 参 0xa1a5*/
/* 数 0xa1a6*/
/* 初 0xa1a7*/
/* 始 0xa1a8*/
/* 化 0xa1a9*/
/* 历 0xa1aa*/
/* 史 0xa1ab*/
/* 故 0xa1ac*/
/* 障 0xa1ad*/
/* 测 0xa1ae*/
/* 试 0xa1af*/
/* 项 0xa1b0*/
/* 目 0xa1b1*/
/* 煲 0xa1b2*/
/* 机 0xa1b3*/
/* 通 0xa1b4*/
/* 讯 0xa1b5*/
/* 按 0xa1b6*/
/* 键 0xa1b7*/
/* 输 0xa1b8*/
/* 入 0xa1b9*/
/* 液 0xa1ba*/
/* 晶 0xa1bb*/
/* 时 0xa1bc*/
/* 钟 0xa1bd*/
/* 下 0xa1be*/
/* 载 0xa1bf*/
/* 间 0xa1c0*/
/* 分 0xa1c1*/
/* 秒 0xa1c2*/
/* 成 0xa1c3*/
/* 功 0xa1c4*/
/* 次 0xa1c5*/
/* 超 0xa1c6*/
/* 校 0xa1c7*/
/* 验 0xa1c8*/
/* 失 0xa1c9*/
/* 败 0xa1ca*/
/* 值 0xa1cb*/
/* 向 0xa1cc*/
/* 上 0xa1cd*/
/* 和 0xa1ce*/
/* 复 0xa1cf*/
/* 位 0xa1d0*/
/* 退 0xa1d1*/
/* 出 0xa1d2*/
/* 温 0xa1d3*/
/* 度 0xa1d4*/
/* 压 0xa1d5*/
/* 力 0xa1d6*/
/* 传 0xa1d7*/
/* 感 0xa1d8*/
/* 器 0xa1d9*/
/* 类 0xa1da*/
/* 型 0xa1db*/
/* ※ 0xa1dc*/
/* 设 0xa1dd*/
/* 定 0xa1de*/
/* 进 0xa1df*/
/* 行 0xa1e0*/
/* 完 0xa1e1*/
/* 毕 0xa1e2*/
/* 要 0xa1e3*/
/* 中 0xa1e4*/
/* 结 0xa1e5*/
/* 束 0xa1e6*/
/* 容 0xa1e7*/
/* 量 0xa1e8*/
/* 系 0xa1e9*/
/* 统 0xa1ea*/
/* 回 0xa1eb*/
/* 环 0xa1ec*/
/* 境 0xa1ed*/
/* 置 0xa1ee*/
/* 无 0xa1ef*/
/* 其 0xa1f0*/
/* 它 0xa1f1*/
/* 冷 0xa1f2*/
/* 却 0xa1f3*/
/* 水 0xa1f4*/
/* 凝 0xa1f5*/
/* 翅 0xa1f6*/
/* 片 0xa1f7*/
/* 蒸 0xa1f8*/
/* 发 0xa1f9*/
/* 排 0xa1fa*/
/* 气 0xa1fb*/
/* 高 0xa1fc*/
/* 低 0xa1fd*/
/* 工 0xa1fe*/
/* 作 0xa1ff*/
/* 模 0xa200*/
/* 式 0xa201*/
/* 控 0xa202*/
/* 制 0xa203*/
/* 块 0xa204*/
/* 禁 0xa205*/
/* 止 0xa206*/
/* 强 0xa207*/
/* 除 0xa208*/
/* 霜 0xa209*/
/* 独 0xa20a*/
/* 立 0xa20b*/
/* 共 0xa20c*/
/* 用 0xa20d*/
/* 热 0xa20e*/
/* 送 0xa20f*/
/* 风 0xa210*/
/* 报 0xa211*/
/* 警 0xa212*/
/* 停 0xa213*/
/* 运 0xa214*/
/* 延 0xa215*/
/* 防 0xa216*/
/* 冻 0xa217*/
/* 预 0xa218*/
/* 户 0xa219*/
/* 查 0xa21a*/
/* 询 0xa21b*/
/* 当 0xa21c*/
/* 前 0xa21d*/
/* 组 0xa21e*/
/* 信 0xa21f*/
/* 息 0xa220*/
/* 使 0xa221*/
/* 方 0xa222*/
/* 一 0xa223*/
/* 星 0xa224*/
/* 期 0xa225*/
/* 任 0xa226*/
/* 意 0xa227*/
/* 开 0xa228*/
/* 关 0xa229*/
/* 取 0xa22a*/
/* 消 0xa22b*/
/* 第 0xa22c*/
/* 二 0xa22d*/
/* 重 0xa22e*/
/* 日 0xa22f*/
/* 语 0xa230*/
/* 言 0xa231*/
/* 选 0xa232*/
/* 择 0xa233*/
/* 自 0xa234*/
/* 检 0xa235*/
/* 文 0xa236*/
/* 缩 0xa237*/
/* 电 0xa238*/
/* 加 0xa239*/
/* 年 0xa23a*/
/* 月 0xa23b*/
/* 三 0xa23c*/
/* 四 0xa23d*/
/* 五 0xa23e*/
/* 六 0xa23f*/
/* 板 0xa240*/
/* 阀 0xa241*/
/* 指 0xa242*/
/* 示 0xa243*/
/* 空 0xa244*/
/* 调 0xa245*/
/* 泵 0xa246*/
/* 井 0xa247*/
/* 旁 0xa248*/
/* 塔 0xa249*/
/* 修 0xa24a*/
/* 改 0xa24b*/
/* 密 0xa24c*/
/* 码 0xa24d*/
/* 提 0xa24e*/
/* 醒 0xa24f*/
/* 小 0xa250*/
/* 能 0xa251*/
/* 启 0xa252*/
/* 倒 0xa253*/
/* 计 0xa254*/
/* 将 0xa255*/
/* 于 0xa256*/
/* 请 0xa257*/
/* 在 0xa258*/
/* 此 0xa259*/
/* 之 0xa25a*/
/* 与 0xa25b*/
/* 厂 0xa25c*/
/* 家 0xa25d*/
/* 联 0xa25e*/
/* 到 0xa25f*/
/* 正 0xa260*/
/* 确 0xa261*/
/* 过 0xa262*/
/* 连 0xa263*/
/* 续 0xa264*/
/* 错 0xa265*/
/* 误 0xa266*/
/* 是 0xa267*/
/* 否 0xa268*/
/* 号 0xa269*/
/* 最 0xa26a*/
/* 大 0xa26b*/
/* 切 0xa26c*/
/* 换 0xa26d*/
/* 远 0xa26e*/
/* 程 0xa26f*/
/* 屏 0xa270*/
/* 保 0xa271*/
/* 来 0xa272*/
/* 动 0xa273*/
/* 对 0xa274*/
/* 象 0xa275*/
/* 探 0xa276*/
/* 头 0xa277*/
/* 频 0xa278*/
/* 繁 0xa279*/
/* 至 0xa27a*/
/* 少 0xa27b*/
/* 周 0xa27c*/
/* 般 0xa27d*/
/* 流 0xa27e*/
/* 不 0xa27f*/
/* 足 0xa280*/
/* 可 0xa281*/
/* 差 0xa282*/
/* 护 0xa283*/
/* 源 0xa284*/
/* 限 0xa285*/
/* 偏 0xa286*/
/* 卸 0xa287*/
/* 线 0xa288*/
/* 外 0xa289*/
/* 部 0xa28a*/
/* 锁 0xa28b*/
/* 相 0xa28c*/
/* 单 0xa28d*/
/* 暖 0xa28e*/
/* 拨 0xa28f*/
/* 脉 0xa290*/
/* 冲 0xa291*/
/* 手 0xa292*/
/* 媒 0xa293*/
/* 路 0xa294*/
/* 激 0xa295*/
/* 活 0xa296*/
/* 油 0xa297*/
/* 磁 0xa298*/
/* 喷 0xa299*/
/* 歇 0xa29a*/
/* 常 0xa29b*/
/* 闭 0xa29c*/
/* 允 0xa29d*/
/* 许 0xa29e*/
/* ℃ 0xa29f*/
/* 逆 0xa2a0*/
/* 据 0xa2a1*/
/* 维 0xa2a2*/
/* 新 0xa2a3*/
/* 认 0xa2a4*/
/* 拟 0xa2a5*/
/* 螺 0xa2a6*/
/* 杆 0xa2a7*/
/* 主 0xa2a8*/
/* 接 0xa2a9*/
/* 触 0xa2aa*/
/* 角 0xa2ab*/
/* 　 0xa2ac*/
/* 绕 0xa2ad*/
/* 端 0xa2ae*/
/* 口 0xa2af*/
/* 义 0xa2b0*/
/* 补 0xa2b1*/
/* 偿 0xa2b2*/
/* 级 0xa2b3*/
/* 别 0xa2b4*/
/* 非 0xa2b5*/
/* 满 0xa2b6*/
/* 网 0xa2b7*/
/* 节 0xa2b8*/
/* 后 0xa2b9*/
/* 隔 0xa2ba*/
/* 持 0xa2bb*/
/* 冰 0xa2bc*/
/* 滤 0xa2bd*/
/* 堵 0xa2be*/
/* 塞 0xa2bf*/
/* 异 0xa2c0*/
/* 、 0xa2c1*/
/* 直 0xa2c2*/
/* 富 0xa2c3*/
/* 士 0xa2c4*/
/* 豪 0xa2c5*/
/* 七 0xa2c6*/
/* 八 0xa2c7*/
/* 湿 0xa2c8*/
/* 串 0xa2c9*/
/* 及 0xa2ca*/
/* 迅 0xa2cb*/
/* 断 0xa2cc*/
/* 桶 0xa2cd*/
/* 须 0xa2ce*/
/* 更 0xa2cf*/
/* 待 0xa2d0*/
/* 操 0xa2d1*/
/* 为 0xa2d2*/
/* 名 0xa2d3*/
/* 称 0xa2d4*/
/* 寿 0xa2d5*/
/* 命 0xa2d6*/
/* 写 0xa2d7*/
/* 收 0xa2d8*/
/* 客 0xa2d9*/
/* 显 0xa2da*/
/* 北 0xa2db*/
/* 京 0xa2dc*/
/* 金 0xa2dd*/
/* 万 0xa2de*/
/* 众 0xa2df*/
/* 德 0xa2e0*/
/* 州 0xa2e1*/
/* 亚 0xa2e2*/
/* 太 0xa2e3*/
/* 集 0xa2e4*/
/* 团 0xa2e5*/
/* 变 0xa2e6*/
/* 造 0xa2e7*/
/* 继 0xa2e8*/
/* 暂 0xa2e9*/
/* 死 0xa2ea*/
/* 区 0xa2eb*/
/* 恢 0xa2ec*/
/* 范 0xa2ed*/
/* 围 0xa2ee*/
/* 双 0xa2ef*/
/* 极 0xa2f0*/
/* 膜 0xa2f1*/
/* 段 0xa2f2*/
/* 欢 0xa2f3*/
/* 迎 0xa2f4*/
/* 催 0xa2f5*/
/* 款 0xa2f6*/
/* 已 0xa2f7*/
/* 生 0xa2f8*/
/* 产 0xa2f9*/
/* 格 0xa2fa*/
/* 合 0xa2fb*/
/* 再 0xa2fc*/
/* 降 0xa2fd*/
/* 循 0xa2fe*/
/* 广 0xa2ff*/
/* 东 0xa300*/
/* 志 0xa301*/
/* 莞 0xa302*/
/* 百 0xa303*/
/* 多 0xa304*/
/* 海 0xa305*/
/* 天 0xa306*/
/* 康 0xa307*/
/* 伊 0xa308*/
/* 莱 0xa309*/
/* 克 0xa30a*/
/* 斯 0xa30b*/
/* 个 0xa30c*/
/* 即 0xa30d*/
/* 侧 0xa30e*/
/* 抖 0xa30f*/
/* 现 0xa310*/
/* 代 0xa311*/
/* 械 0xa312*/
/* 吉 0xa313*/
/* 美 0xa314*/
/* 台 0xa315*/
/* 点 0xa316*/
/* 九 0xa317*/
/* 污 0xa318*/
/* 染 0xa319*/
/* 毒 0xa31a*/
/* 氧 0xa31b*/
/* 碳 0xa31c*/
/* 半 0xa31d*/
/* 径 0xa31e*/
/* 以 0xa31f*/
/* 由 0xa320*/
/* 西 0xa321*/
/* 澳 0xa322*/
/* 欧 0xa323*/
/* 洲 0xa324*/
/* 湾 0xa325*/
/* 隐 0xa326*/
/* 藏 0xa327*/
/* 励 0xa328*/
/* 膨 0xa329*/
/* 胀 0xa32a*/
/* 转 0xa32b*/
/* 标 0xa32c*/
/* 带 0xa32d*/
/* 元 0xa32e*/
/* 掉 0xa32f*/
/* 记 0xa330*/
/* 忆 0xa331*/
/* 快 0xa332*/
/* 倍 0xa333*/
/* 物 0xa334*/
/* 露 0xa335*/
/* 滴 0xa336*/
/* 干 0xa337*/
/* 球 0xa338*/
/* 包 0xa339*/
/* 含 0xa33a*/
/* 匹 0xa33b*/
/* 饱 0xa33c*/
/* 越 0xa33d*/
/* 溶 0xa33e*/
/* 储 0xa33f*/
/* 存 0xa340*/
/* 配 0xa341*/
/* 导 0xa342*/
/* 跳 0xa343*/
/* 旧 0xa344*/
/* 妥 0xa345*/
/* 善 0xa346*/
/* 管 0xa347*/
/* 处 0xa348*/
/* 理 0xa349*/
/* 额 0xa34a*/
/* 备 0xa34b*/
/* 音 0xa34c*/
/* 状 0xa34d*/
/* 态 0xa34e*/
/* 率 0xa34f*/
/* 恒 0xa350*/
/* 室 0xa351*/
/* 同 0xa352*/
/* 比 0xa353*/
/* 背 0xa354*/
/* 光 0xa355*/
/* 累 0xa356*/
/* 地 0xa357*/
/* 短 0xa358*/
/* 需 0xa359*/
/* 移 0xa35a*/
/* 返 0xa35b*/
/* 菜 0xa35c*/
/* 清 0xa35d*/
/* 零 0xa35e*/
/* 性 0xa35f*/
/* 负 0xa360*/
/* 缺 0xa361*/
/* 灯 0xa362*/
/* 蜂 0xa363*/
/* 鸣 0xa364*/
/* 叫 0xa365*/
/* 全 0xa366*/
/* 坏 0xa367*/
/* 录 0xa368*/
/* 逐 0xa369*/
/* 道 0xa36a*/
/* 序 0xa36b*/
/* 果 0xa36c*/
/* 市 0xa36d*/
/* 邦 0xa36e*/
/* 普 0xa36f*/
/* 脑 0xa370*/
/* 技 0xa371*/
/* 术 0xa372*/
/* 有 0xa373*/
/* 公 0xa374*/
/* 司 0xa375*/
/* 解 0xa376*/
/* 编 0xa377*/
/* 升 0xa378*/
/* 界 0xa379*/
/* 缓 0xa37a*/
/* 人 0xa37b*/
/* 归 0xa37c*/
/* 喇 0xa37d*/
/* 叭 0xa37e*/
/* 图 0xa37f*/
/* 准 0xa380*/
/* 驱 0xa381*/
/* 总 0xa382*/
/* 打 0xa383*/
/* 击 0xa384*/
/* 优 0xa385*/
/* 先 0xa386*/
/* 南 0xa387*/
/* 微 0xa388*/
/* 积 0xa389*/
/* 放 0xa38a*/
/* 弃 0xa38b*/
/* 忽 0xa38c*/
/* 略 0xa38d*/
/* 扇 0xa38e*/
/* 泽 0xa38f*/
/* 尔 0xa390*/
/* 步 0xa391*/
/* 骤 0xa392*/
/* 摄 0xa393*/
/* 氏 0xa394*/
/* 华 0xa395*/
/* 辅 0xa396*/
/* 助 0xa397*/
/* 情 0xa398*/
/* 况 0xa399*/
/* 河 0xa39a*/
/* 飞 0xa39b*/
/* 责 0xa39c*/
/* 话 0xa39d*/
/* 整 0xa39e*/
/* 响 0xa39f*/
/* 应 0xa3a0*/
/* 例 0xa3a1*/
/* 叠 0xa3a2*/
/* 浦 0xa3a3*/
/* 反 0xa3a4*/
/* 表 0xa3a5*/
/* 资 0xa3a6*/
/* 稳 0xa3a7*/
/* 迟 0xa3a8*/
/* 的 0xa3a9*/
/* 互 0xa3aa*/
/* 圈 0xa3ab*/
/* 匝 0xa3ac*/
/* 给 0xa3ad*/
/* 或 0xa3ae*/
/* 体 0xa3af*/
/* 紧 0xa3b0*/
/* 急 0xa3b1*/
/* 效 0xa3b2*/
/* 硅 0xa3b3*/
/* 磨 0xa3b4*/
/* 具 0xa3b5*/
/* 托 0xa3b6*/
/* 达 0xa3b7*/
/* 商 0xa3b8*/
/* 务 0xa3b9*/
/* 偶 0xa3ba*/
/* 件 0xa3bb*/
/* 泄 0xa3bc*/
/* 增 0xa3bd*/
/* 冗 0xa3be*/
/* 余 0xa3bf*/
/* 址 0xa3c0*/
/* 蓄 0xa3c1*/
/* 种 0xa3c2*/
/* 稼 0xa3c3*/
/* 实 0xa3c4*/
/* 际 0xa3c5*/
/* 研 0xa3c6*/
/* 吸 0xa3c7*/
/* 受 0xa3c8*/
/* 速 0xa3c9*/
/* 首 0xa3ca*/
/* 算 0xa3cb*/
/* 法 0xa3cc*/
/* 拔 0xa3cd*/
/* 仅 0xa3ce*/
/* 拍 0xa3cf*/
/* 右 0xa3d0*/
/* 滑 0xa3d1*/
/* 慢 0xa3d2*/
/* 等 0xa3d3*/
/* 您 0xa3d4*/
/* 服 0xa3d5*/
/* 便 0xa3d6*/
/* 良 0xa3d7*/
/* 垢 0xa3d8*/
/* 面 0xa3d9*/
/* 氟 0xa3da*/
/* 逻 0xa3db*/
/* 辑 0xa3dc*/
/* 未 0xa3dd*/
/* 内 0xa3de*/
/* 润 0xa3df*/
/* 削 0xa3e0*/
/* 约 0xa3e1*/
/* 硬 0xa3e2*/
/* 刷 0xa3e3*/
/* 考 0xa3e4*/
/* 注 0xa3e5*/
/* 把 0xa3e6*/
/* 如 0xa3e7*/
/* 占 0xa3e8*/
/* 平 0xa3e9*/
/* 则 0xa3ea*/
/* 才 0xa3eb*/
/* 并 0xa3ec*/
/* 充 0xa3ed*/
/* 该 0xa3ee*/
/* 且 0xa3ef*/
/* 见 0xa3f0*/
/* 说 0xa3f1*/
/* 明 0xa3f2*/
/* 这 0xa3f3*/
/* 千 0xa3f4*/
/* 监 0xa3f5*/
/* 十 0xa3f6*/
/* 求 0xa3f7*/
/* 折 0xa3f8*/
/* 然 0xa3f9*/
/* 从 0xa3fa*/
/* 穿 0xa3fb*/
/* 几 0xa3fc*/
/* 样 0xa3fd*/
/* 就 0xa3fe*/
/* 而 0xa3ff*/
/* 了 0xa400*/
/* 只 0xa401*/
/* 若 0xa402*/
/* 仍 0xa403*/
/* 执 0xa404*/
/* 经 0xa405*/
/* 还 0xa406*/
/* 条 0xa407*/
/* 但 0xa408*/
/* 适 0xa409*/
/* 默 0xa40a*/
/* 根 0xa40b*/
/* 没 0xa40c*/
/* 损 0xa40d*/
/* 灵 0xa40e*/
/* 引 0xa40f*/
/* 起 0xa410*/
/* 较 0xa411*/
/* 也 0xa412*/
/* 两 0xa413*/
/* 所 0xa414*/
/* 交 0xa415*/
/* 替 0xa416*/
/* 必 0xa417*/
/* 致 0xa418*/
/* 门 0xa419*/
/* 震 0xa41a*/
/* 荡 0xa41b*/
/* 尝 0xa41c*/
/* 做 0xa41d*/
/* 刚 0xa41e*/
/* 去 0xa41f*/
/* 漏 0xa420*/
/* 箱 0xa421*/
/* 读 0xa422*/
/* 济 0xa423*/
/* 装 0xa424*/
/* 都 0xa425*/
/* 抽 0xa426*/
/* 汽 0xa427*/
/* 形 0xa428*/
/* 亮 0xa429*/
/* 轮 0xa42a*/
/* 旦 0xa42b*/
/* 影 0xa42c*/
/* 浮 0xa42d*/
/* 填 0xa42e*/
/* 阶 0xa42f*/
/* 何 0xa430*/
/* 另 0xa431*/
/* 因 0xa432*/
/* 原 0xa433*/
/* 闪 0xa434*/
/* 烁 0xa435*/
/* 波 0xa436*/
/* 材 0xa437*/
/* 料 0xa438*/
/* 燥 0xa439*/
/* 避 0xa43a*/
/* 免 0xa43b*/
/* 得 0xa43c*/
/* 灭 0xa43d*/
/* 罗 0xa43e*/
/* 茨 0xa43f*/
/* 会 0xa440*/
/* 熄 0xa441*/
/* 特 0xa442*/
/* 殊 0xa443*/
/* 「 0xa444*/
/* 」 0xa445*/
/* ／ 0xa446*/
/* 《 0xa447*/
/* 》 0xa448*/
/* 【 0xa449*/
/* 】 0xa44a*/
/* “ 0xa44b*/
/* ” 0xa44c*/
/* ＝ 0xa44d*/
/* △ 0xa44e*/
/*  0xa44f*/
/* × 0xa450*/
/*  0xa451*/
/* ★ 0xa452*/
/* 阳 0xa453*/
/* 扩 0xa454*/
/* 展 0xa455*/
/* 规 0xa456*/
/* 糊 0xa457*/
/* 贝 0xa458*/
/* 浙 0xa459*/
/* 江 0xa45a*/
/* 国 0xa45b*/
/* 祥 0xa45c*/
/* 山 0xa45d*/
/* 威 0xa45e*/
/* 瑞 0xa45f*/
/* 兴 0xa460*/
/* 央 0xa461*/
/* 苏 0xa462*/
/* 瀚 0xa463*/
/* 艺 0xa464*/
/* 股 0xa465*/
/* 份 0xa466*/
/* 科 0xa467*/
/* 永 0xa468*/
/* 凌 0xa469*/
/* 静 0xa46a*/
/* 深 0xa46b*/
/* 圳 0xa46c*/
/* 浩 0xa46d*/
/* 博 0xa46e*/
/* 冬 0xa46f*/
/* 青 0xa470*/
/* 岛 0xa471*/
/* 奥 0xa472*/
/* 利 0xa473*/
/* 凯 0xa474*/
/* 绿 0xa475*/
/* 宏 0xa476*/
/* 迪 0xa477*/
/* 业 0xa478*/
/* 尽 0xa479*/
/* ① 0xa47a*/
/* ② 0xa47b*/
/* ③ 0xa47c*/
/* ④ 0xa47d*/
/* ⑤ 0xa47e*/
/* ⑥ 0xa47f*/
/* ⑦ 0xa480*/
/* ⑧ 0xa481*/
/* ⑨ 0xa482*/
/* ⑩ 0xa483*/
/* （ 0xa484*/
/* ） 0xa485*/
/* 易 0xa486*/
/* 精 0xa487*/
/* 仪 0xa488*/
/* 奇 0xa489*/
/* 雷 0xa48a*/
/* 子 0xa48b*/
/* 柜 0xa48c*/
/* 洗 0xa48d*/
/* 散 0xa48e*/
/* 介 0xa48f*/
/* 质 0xa490*/
/* 脏 0xa491*/
/* 畅 0xa492*/
/* 芯 0xa493*/
/* 盘 0xa494*/
/* 稍 0xa495*/
/* 插 0xa496*/
/* 证 0xa497*/
/* 握 0xa498*/
/* 识 0xa499*/
/* 曲 0xa49a*/
/* 轴 0xa49b*/
/* 雪 0xa49c*/
/* 英 0xa49d*/
/* 险 0xa49e*/
/* 丝 0xa49f*/
/* 简 0xa4a0*/
/* 杀 0xa4a1*/
/* 菌 0xa4a2*/
/* 顿 0xa4a3*/
/* 汉 0xa4a4*/
/* 布 0xa4a5*/
/* 什 0xa4a6*/
/* 楼 0xa4a7*/
/* 宇 0xa4a8*/
/* 吹 0xa4a9*/
/* 浸 0xa4aa*/
/* 房 0xa4ab*/
/* 基 0xa4ac*/
/* 站 0xa4ad*/
/* 欠 0xa4ae*/
/* 衡 0xa4af*/
/* 脱 0xa4b0*/
/* 离 0xa4b1*/
/* 告 0xa4b2*/
/* 书 0xa4b3*/
/* 严 0xa4b4*/
/* ！ 0xa4b5*/
/* 。 0xa4b6*/
/* ？ 0xa4b7*/
/* 臭 0xa4b8*/
/* 紫 0xa4b9*/
/* 长 0xa4ba*/
/* 焓 0xa4bb*/
/* 页 0xa4bc*/
/* 罐 0xa4bd*/
/* ％ 0xa4be*/
/* 摸 0xa4bf*/
/* 浓 0xa4c0*/
/* 架 0xa4c1*/
/* 权 0xa4c2*/
/* 帧 0xa4c3*/
/* 协 0xa4c4*/
/* 议 0xa4c5*/
/* 季 0xa4c6*/
/* 今 0xa4c7*/
/* 睡 0xa4c8*/
/* 眠 0xa4c9*/
/* 候 0xa4ca*/
/* 混 0xa4cb*/
/* 废 0xa4cc*/
/* 品 0xa4cd*/
/* 振 0xa4ce*/
/* 边 0xa4cf*/
/* 场 0xa4d0*/
/* 融 0xa4d1*/
/* 均 0xa4d2*/
/* 阻 0xa4d3*/
/* Ω 0xa4d4*/
/* 底 0xa4d5*/
/* 近 0xa4d6*/
/* 列 0xa4d7*/
/* 浴 0xa4d8*/
/* 池 0xa4d9*/
/* 析 0xa4da*/
/* 粗 0xa4db*/
/* 敬 0xa4dc*/
/* 幅 0xa4dd*/
/* 舒 0xa4de*/
/* 供 0xa4df*/
/* ▲ 0xa4e0*/
/*  0xa4e1*/
/* 渡 0xa4e2*/
/* 采 0xa4e3*/
/* 夏 0xa4e4*/
/* 赛 0xa4e5*/
/* 寒 0xa4e6*/
/* 母 0xa4e7*/
/* 弱 0xa4e8*/
/* 留 0xa4e9*/
/* 慧 0xa4ea*/
/* 云 0xa4eb*/
/* 班 0xa4ec*/
/* 烘 0xa4ed*/
/* 火 0xa4ee*/
/* 灾 0xa4ef*/
/* 荷 0xa4f0*/
/* 敏 0xa4f1*/
/* 夜 0xa4f2*/
/* 晚 0xa4f3*/
/* 智 0xa4f4*/
/* 剩 0xa4f5*/
/* ， 0xa4f6*/
/* … 0xa4f7*/
/* 亿 0xa4f8*/
/* 兆 0xa4f9*/
/* 瓦 0xa4fa*/
/* 突 0xa4fb*/
/* 担 0xa4fc*/
/* 摊 0xa4fd*/
/* 纽 0xa4fe*/
/* 恩 0xa4ff*/
/* 泰 0xa500*/
/* 米 0xa501*/
/* 拉 0xa502*/
/* 牌 0xa503*/
/* 知 0xa504*/
/* 鼎 0xa505*/
/* 沃 0xa506*/
/* 价 0xa507*/
/* 末 0xa508*/
/* 车 0xa509*/
/* 瞬 0xa50a*/
/* 他 0xa50b*/
/* 判 0xa50c*/
/* 桥 0xa50d*/
/* 顶 0xa50e*/
/* 劲 0xa50f*/
/* 铃 0xa510*/
/* 声 0xa511*/
/* 棚 0xa512*/
/* 途 0xa513*/
/* 烟 0xa514*/
/* 草 0xa515*/
/* 叶 0xa516*/
/* 浏 0xa517*/
/* 览 0xa518*/
/* 覆 0xa519*/
/* 盖 0xa51a*/
/* 删 0xa51b*/
/* ↑ 0xa51c*/
/* ↓ 0xa51d*/
/* 投 0xa51e*/
/* Ｆ 0xa51f*/
/* 减 0xa520*/
/* 谐 0xa521*/
/* 馈 0xa522*/
/* 丢 0xa523*/
/* 档 0xa524*/
/* 爱 0xa525*/
/* 红 0xa526*/
/* 软 0xa527*/
/* 租 0xa528*/
/* 赁 0xa529*/
/* 费 0xa52a*/
/* 孔 0xa52b*/
/* 童 0xa52c*/
/* 绪 0xa52d*/
/* 玻 0xa52e*/
/* 璃 0xa52f*/
/* 附 0xa530*/
/* 丹 0xa531*/
/* 佛 0xa532*/
/* 授 0xa533*/
/* 耗 0xa534*/
/* 泳 0xa535*/
/* Ⅰ 0xa536*/
/* Ⅱ 0xa537*/
/* Ⅲ 0xa538*/
/* Ⅳ 0xa539*/
/* Ⅴ 0xa53a*/
/* Ⅵ 0xa53b*/
/* Ⅶ 0xa53c*/
/* Ⅷ 0xa53d*/
/* Ⅸ 0xa53e*/
/* Ⅹ 0xa53f*/
/* 昨 0xa540*/
/* 令 0xa541*/
/* 趋 0xa542*/
/* 势 0xa543*/
/* 建 0xa544*/
/* 松 0xa545*/
/* 剂 0xa546*/
/* 固 0xa547*/
/* 溢 0xa548*/
/* 假 0xa549*/
/* 蔽 0xa54a*/
/* 轻 0xa54b*/
/* 策 0xa54c*/
/* 梯 0xa54d*/
/* 销 0xa54e*/
/* 群 0xa54f*/
/* 跨 0xa550*/
/* ° 0xa551*/
